<?xml version="1.0" encoding="UTF-8"?>
<testng-results skipped="0" failed="0" ignored="0" total="1" passed="1">
  <reporter-output>
  </reporter-output>
  <suite name="Default suite" duration-ms="42110" started-at="2018-07-21T13:20:59Z" finished-at="2018-07-21T13:21:41Z">
    <groups>
    </groups>
    <test name="Default test" duration-ms="42110" started-at="2018-07-21T13:20:59Z" finished-at="2018-07-21T13:21:41Z">
      <class name="com.epam.appium.WinAppDriverCalculator.CalculatorTest">
        <test-method status="PASS" signature="setUp()[pri:0, instance:com.epam.appium.WinAppDriverCalculator.CalculatorTest@491cc5c9]" name="setUp" is-config="true" duration-ms="6404" started-at="2018-07-21T13:20:59Z" finished-at="2018-07-21T13:21:05Z">
          <reporter-output>
          </reporter-output>
        </test-method> <!-- setUp -->
        <test-method status="PASS" signature="testApp()[pri:0, instance:com.epam.appium.WinAppDriverCalculator.CalculatorTest@491cc5c9]" name="testApp" duration-ms="35685" started-at="2018-07-21T13:21:05Z" finished-at="2018-07-21T13:21:41Z">
          <reporter-output>
          </reporter-output>
        </test-method> <!-- testApp -->
      </class> <!-- com.epam.appium.WinAppDriverCalculator.CalculatorTest -->
    </test> <!-- Default test -->
  </suite> <!-- Default suite -->
</testng-results>
